<?xml version="1.0" encoding="UTF-8"?>
<!-- Generated by org.testng.reporters.JUnitReportReporter -->
<testsuite hostname="DESKTOP-4JOONED" failures="0" tests="11" name="tests.ProvideInformations" time="14.948" errors="0" timestamp="2022-11-02T21:05:04 BDT" skipped="0">
  <testcase classname="tests.ProvideInformations" name="clickOnCheckbox" time="1.122"/>
  <system-out/>
  <testcase classname="tests.ProvideInformations" name="fillPassword" time="1.221"/>
  <system-out/>
  <testcase classname="tests.ProvideInformations" name="fillName" time="1.182"/>
  <system-out/>
  <testcase classname="tests.ProvideInformations" name="fillPhoneNumber" time="1.190"/>
  <system-out/>
  <testcase classname="tests.ProvideInformations" name="fillEmail" time="1.181"/>
  <system-out/>
  <testcase classname="tests.ProvideInformations" name="clickOnStateContainer" time="1.155"/>
  <system-out/>
  <testcase classname="tests.ProvideInformations" name="selectState" time="1.077"/>
  <system-out/>
  <testcase classname="tests.ProvideInformations" name="clickOnArea" time="1.112"/>
  <system-out/>
  <testcase classname="tests.ProvideInformations" name="selectArea" time="1.078"/>
  <system-out/>
  <testcase classname="tests.ProvideInformations" name="fillBillingAddrees" time="1.194"/>
  <system-out/>
  <testcase classname="tests.ProvideInformations" name="fillOrderComments" time="3.436"/>
  <system-out/>
</testsuite> <!-- tests.ProvideInformations -->
