<?xml version="1.0" encoding="UTF-8"?>
<!-- Generated by org.testng.reporters.JUnitReportReporter -->
<testsuite hostname="DESKTOP-4JOONED" failures="0" tests="7" name="tests.SelectBook" time="48.645" errors="0" timestamp="2022-11-02T21:05:04 BDT" skipped="0">
  <testcase classname="tests.SelectBook" name="closePopUp" time="6.306"/>
  <system-out/>
  <testcase classname="tests.SelectBook" name="clickOnlakhok" time="5.215"/>
  <system-out/>
  <testcase classname="tests.SelectBook" name="selectNextPage" time="5.065"/>
  <system-out/>
  <testcase classname="tests.SelectBook" name="selectGeneralBooks" time="6.177"/>
  <system-out/>
  <testcase classname="tests.SelectBook" name="viewAnyBookDetails" time="13.973"/>
  <system-out/>
  <testcase classname="tests.SelectBook" name="clickOnOrder" time="4.379"/>
  <system-out/>
  <testcase classname="tests.SelectBook" name="clickOnorderShoponnoKorun" time="7.530"/>
  <system-out/>
</testsuite> <!-- tests.SelectBook -->
